[03-Mar-2017 11:03:51 Europe/Paris] PHP Parse error:  syntax error, unexpected '}', expecting ',' or ';' in /home/UNIV-LYON1/p1501174/public_html/tp 1/Vue/menu.php on line 30
[03-Mar-2017 11:29:25 Europe/Paris] PHP Notice:  Undefined index: logged in /home/UNIV-LYON1/p1501174/public_html/tp 1/Vue/menu.php on line 26
[10-Mar-2017 09:16:49 Europe/Paris] PHP Warning:  require_once(lib/bdd/bdd.php): failed to open stream: No such file or directory in /home/UNIV-LYON1/p1501174/public_html/tp 1/Model/diaporama.php on line 3
[10-Mar-2017 09:16:49 Europe/Paris] PHP Fatal error:  require_once(): Failed opening required 'lib/bdd/bdd.php' (include_path='.:/usr/share/php:/usr/share/pear') in /home/UNIV-LYON1/p1501174/public_html/tp 1/Model/diaporama.php on line 3
[10-Mar-2017 09:19:20 Europe/Paris] PHP Notice:  Use of undefined constant bdd - assumed 'bdd' in /home/UNIV-LYON1/p1501174/public_html/tp 1/Model/diaporama.php on line 3
[10-Mar-2017 09:19:20 Europe/Paris] PHP Warning:  require_once(Lib/bdd/bdd): failed to open stream: No such file or directory in /home/UNIV-LYON1/p1501174/public_html/tp 1/Model/diaporama.php on line 3
[10-Mar-2017 09:19:20 Europe/Paris] PHP Fatal error:  require_once(): Failed opening required 'Lib/bdd/bdd' (include_path='.:/usr/share/php:/usr/share/pear') in /home/UNIV-LYON1/p1501174/public_html/tp 1/Model/diaporama.php on line 3
[10-Mar-2017 09:19:21 Europe/Paris] PHP Notice:  Use of undefined constant bdd - assumed 'bdd' in /home/UNIV-LYON1/p1501174/public_html/tp 1/Model/diaporama.php on line 3
[10-Mar-2017 09:19:21 Europe/Paris] PHP Warning:  require_once(Lib/bdd/bdd): failed to open stream: No such file or directory in /home/UNIV-LYON1/p1501174/public_html/tp 1/Model/diaporama.php on line 3
[10-Mar-2017 09:19:21 Europe/Paris] PHP Fatal error:  require_once(): Failed opening required 'Lib/bdd/bdd' (include_path='.:/usr/share/php:/usr/share/pear') in /home/UNIV-LYON1/p1501174/public_html/tp 1/Model/diaporama.php on line 3
[10-Mar-2017 09:20:11 Europe/Paris] PHP Notice:  Use of undefined constant bdd - assumed 'bdd' in /home/UNIV-LYON1/p1501174/public_html/tp 1/Model/diaporama.php on line 3
[10-Mar-2017 09:20:11 Europe/Paris] PHP Warning:  require_once(Lib/bdd/bdd): failed to open stream: No such file or directory in /home/UNIV-LYON1/p1501174/public_html/tp 1/Model/diaporama.php on line 3
[10-Mar-2017 09:20:11 Europe/Paris] PHP Fatal error:  require_once(): Failed opening required 'Lib/bdd/bdd' (include_path='.:/usr/share/php:/usr/share/pear') in /home/UNIV-LYON1/p1501174/public_html/tp 1/Model/diaporama.php on line 3
[10-Mar-2017 10:20:21 Europe/Paris] PHP Parse error:  syntax error, unexpected '{', expecting ')' in /home/UNIV-LYON1/p1501778/public_html/Lib/bdd/bdd.php on line 17
[10-Mar-2017 10:42:42 Europe/Paris] PHP Parse error:  syntax error, unexpected 'public' (T_PUBLIC) in /home/UNIV-LYON1/p1501778/public_html/Lib/bdd/bdd.php on line 4
[10-Mar-2017 10:42:42 Europe/Paris] PHP Parse error:  syntax error, unexpected 'public' (T_PUBLIC) in /home/UNIV-LYON1/p1501778/public_html/Lib/bdd/bdd.php on line 4
[10-Mar-2017 10:42:43 Europe/Paris] PHP Parse error:  syntax error, unexpected 'public' (T_PUBLIC) in /home/UNIV-LYON1/p1501778/public_html/Lib/bdd/bdd.php on line 4
[10-Mar-2017 10:44:27 Europe/Paris] PHP Fatal error:  Call to undefined function queryArray() in /home/UNIV-LYON1/p1501778/public_html/Model/diaporama.php on line 9
[10-Mar-2017 10:44:28 Europe/Paris] PHP Fatal error:  Call to undefined function queryArray() in /home/UNIV-LYON1/p1501778/public_html/Model/diaporama.php on line 9
[10-Mar-2017 10:44:28 Europe/Paris] PHP Fatal error:  Call to undefined function queryArray() in /home/UNIV-LYON1/p1501778/public_html/Model/diaporama.php on line 9
[10-Mar-2017 10:45:02 Europe/Paris] PHP Fatal error:  Call to undefined function queryArray() in /home/UNIV-LYON1/p1501778/public_html/Model/diaporama.php on line 9
[10-Mar-2017 10:45:02 Europe/Paris] PHP Fatal error:  Call to undefined function queryArray() in /home/UNIV-LYON1/p1501778/public_html/Model/diaporama.php on line 9
[10-Mar-2017 10:45:02 Europe/Paris] PHP Fatal error:  Call to undefined function queryArray() in /home/UNIV-LYON1/p1501778/public_html/Model/diaporama.php on line 9
[10-Mar-2017 10:45:03 Europe/Paris] PHP Fatal error:  Call to undefined function queryArray() in /home/UNIV-LYON1/p1501778/public_html/Model/diaporama.php on line 9
[10-Mar-2017 10:45:03 Europe/Paris] PHP Fatal error:  Call to undefined function queryArray() in /home/UNIV-LYON1/p1501778/public_html/Model/diaporama.php on line 9
[10-Mar-2017 10:47:56 Europe/Paris] PHP Fatal error:  Call to undefined function queryArray() in /home/UNIV-LYON1/p1501778/public_html/Model/diaporama.php on line 9
[10-Mar-2017 10:53:08 Europe/Paris] PHP Fatal error:  Using $this when not in object context in /home/UNIV-LYON1/p1501778/public_html/Lib/bdd/bdd.php on line 25
[10-Mar-2017 10:53:49 Europe/Paris] PHP Fatal error:  Using $this when not in object context in /home/UNIV-LYON1/p1501778/public_html/Lib/bdd/bdd.php on line 25
[10-Mar-2017 10:53:50 Europe/Paris] PHP Fatal error:  Using $this when not in object context in /home/UNIV-LYON1/p1501778/public_html/Lib/bdd/bdd.php on line 25
[10-Mar-2017 10:53:50 Europe/Paris] PHP Fatal error:  Using $this when not in object context in /home/UNIV-LYON1/p1501778/public_html/Lib/bdd/bdd.php on line 25
[10-Mar-2017 10:53:50 Europe/Paris] PHP Fatal error:  Using $this when not in object context in /home/UNIV-LYON1/p1501778/public_html/Lib/bdd/bdd.php on line 25
[10-Mar-2017 10:53:50 Europe/Paris] PHP Fatal error:  Using $this when not in object context in /home/UNIV-LYON1/p1501778/public_html/Lib/bdd/bdd.php on line 25
[10-Mar-2017 10:53:51 Europe/Paris] PHP Fatal error:  Using $this when not in object context in /home/UNIV-LYON1/p1501778/public_html/Lib/bdd/bdd.php on line 25
[10-Mar-2017 10:54:01 Europe/Paris] PHP Fatal error:  Using $this when not in object context in /home/UNIV-LYON1/p1501778/public_html/Lib/bdd/bdd.php on line 25
[10-Mar-2017 10:54:49 Europe/Paris] PHP Fatal error:  Using $this when not in object context in /home/UNIV-LYON1/p1501778/public_html/Lib/bdd/bdd.php on line 22
[10-Mar-2017 10:55:26 Europe/Paris] PHP Fatal error:  Using $this when not in object context in /home/UNIV-LYON1/p1501778/public_html/Lib/bdd/bdd.php on line 20
[10-Mar-2017 10:55:51 Europe/Paris] PHP Fatal error:  Using $this when not in object context in /home/UNIV-LYON1/p1501778/public_html/Lib/bdd/bdd.php on line 20
[10-Mar-2017 10:55:52 Europe/Paris] PHP Fatal error:  Using $this when not in object context in /home/UNIV-LYON1/p1501778/public_html/Lib/bdd/bdd.php on line 20
[10-Mar-2017 10:55:52 Europe/Paris] PHP Fatal error:  Using $this when not in object context in /home/UNIV-LYON1/p1501778/public_html/Lib/bdd/bdd.php on line 20
[10-Mar-2017 10:55:52 Europe/Paris] PHP Fatal error:  Using $this when not in object context in /home/UNIV-LYON1/p1501778/public_html/Lib/bdd/bdd.php on line 20
[10-Mar-2017 10:55:52 Europe/Paris] PHP Fatal error:  Using $this when not in object context in /home/UNIV-LYON1/p1501778/public_html/Lib/bdd/bdd.php on line 20
[10-Mar-2017 10:55:52 Europe/Paris] PHP Fatal error:  Using $this when not in object context in /home/UNIV-LYON1/p1501778/public_html/Lib/bdd/bdd.php on line 20
[10-Mar-2017 10:55:52 Europe/Paris] PHP Fatal error:  Using $this when not in object context in /home/UNIV-LYON1/p1501778/public_html/Lib/bdd/bdd.php on line 20
[10-Mar-2017 10:55:53 Europe/Paris] PHP Fatal error:  Using $this when not in object context in /home/UNIV-LYON1/p1501778/public_html/Lib/bdd/bdd.php on line 20
[10-Mar-2017 10:55:53 Europe/Paris] PHP Fatal error:  Using $this when not in object context in /home/UNIV-LYON1/p1501778/public_html/Lib/bdd/bdd.php on line 20
[10-Mar-2017 10:55:53 Europe/Paris] PHP Fatal error:  Using $this when not in object context in /home/UNIV-LYON1/p1501778/public_html/Lib/bdd/bdd.php on line 20
[10-Mar-2017 11:04:33 Europe/Paris] PHP Fatal error:  Using $this when not in object context in /home/UNIV-LYON1/p1501778/public_html/Lib/bdd/bdd.php on line 20
[10-Mar-2017 11:04:33 Europe/Paris] PHP Fatal error:  Using $this when not in object context in /home/UNIV-LYON1/p1501778/public_html/Lib/bdd/bdd.php on line 20
[10-Mar-2017 11:04:33 Europe/Paris] PHP Fatal error:  Using $this when not in object context in /home/UNIV-LYON1/p1501778/public_html/Lib/bdd/bdd.php on line 20
[10-Mar-2017 11:04:33 Europe/Paris] PHP Fatal error:  Using $this when not in object context in /home/UNIV-LYON1/p1501778/public_html/Lib/bdd/bdd.php on line 20
[10-Mar-2017 11:04:34 Europe/Paris] PHP Fatal error:  Using $this when not in object context in /home/UNIV-LYON1/p1501778/public_html/Lib/bdd/bdd.php on line 20
[10-Mar-2017 11:04:34 Europe/Paris] PHP Fatal error:  Using $this when not in object context in /home/UNIV-LYON1/p1501778/public_html/Lib/bdd/bdd.php on line 20
[10-Mar-2017 11:04:34 Europe/Paris] PHP Fatal error:  Using $this when not in object context in /home/UNIV-LYON1/p1501778/public_html/Lib/bdd/bdd.php on line 20
[10-Mar-2017 11:04:34 Europe/Paris] PHP Fatal error:  Using $this when not in object context in /home/UNIV-LYON1/p1501778/public_html/Lib/bdd/bdd.php on line 20
[10-Mar-2017 11:04:34 Europe/Paris] PHP Fatal error:  Using $this when not in object context in /home/UNIV-LYON1/p1501778/public_html/Lib/bdd/bdd.php on line 20
[10-Mar-2017 11:04:35 Europe/Paris] PHP Fatal error:  Using $this when not in object context in /home/UNIV-LYON1/p1501778/public_html/Lib/bdd/bdd.php on line 20
[10-Mar-2017 11:04:35 Europe/Paris] PHP Fatal error:  Using $this when not in object context in /home/UNIV-LYON1/p1501778/public_html/Lib/bdd/bdd.php on line 20
[10-Mar-2017 11:04:35 Europe/Paris] PHP Fatal error:  Using $this when not in object context in /home/UNIV-LYON1/p1501778/public_html/Lib/bdd/bdd.php on line 20
[10-Mar-2017 11:05:01 Europe/Paris] PHP Fatal error:  Using $this when not in object context in /home/UNIV-LYON1/p1501778/public_html/Lib/bdd/bdd.php on line 22
[10-Mar-2017 11:05:02 Europe/Paris] PHP Fatal error:  Using $this when not in object context in /home/UNIV-LYON1/p1501778/public_html/Lib/bdd/bdd.php on line 22
[10-Mar-2017 11:05:02 Europe/Paris] PHP Fatal error:  Using $this when not in object context in /home/UNIV-LYON1/p1501778/public_html/Lib/bdd/bdd.php on line 22
[10-Mar-2017 11:05:02 Europe/Paris] PHP Fatal error:  Using $this when not in object context in /home/UNIV-LYON1/p1501778/public_html/Lib/bdd/bdd.php on line 22
[10-Mar-2017 11:05:03 Europe/Paris] PHP Fatal error:  Using $this when not in object context in /home/UNIV-LYON1/p1501778/public_html/Lib/bdd/bdd.php on line 22
[10-Mar-2017 11:05:03 Europe/Paris] PHP Fatal error:  Using $this when not in object context in /home/UNIV-LYON1/p1501778/public_html/Lib/bdd/bdd.php on line 22
[10-Mar-2017 11:05:03 Europe/Paris] PHP Fatal error:  Using $this when not in object context in /home/UNIV-LYON1/p1501778/public_html/Lib/bdd/bdd.php on line 22
[10-Mar-2017 11:12:02 Europe/Paris] PHP Fatal error:  Using $this when not in object context in /home/UNIV-LYON1/p1501778/public_html/Lib/bdd/bdd.php on line 22
[10-Mar-2017 11:12:02 Europe/Paris] PHP Fatal error:  Using $this when not in object context in /home/UNIV-LYON1/p1501778/public_html/Lib/bdd/bdd.php on line 22
[10-Mar-2017 11:12:03 Europe/Paris] PHP Fatal error:  Using $this when not in object context in /home/UNIV-LYON1/p1501778/public_html/Lib/bdd/bdd.php on line 22
[10-Mar-2017 11:12:03 Europe/Paris] PHP Fatal error:  Using $this when not in object context in /home/UNIV-LYON1/p1501778/public_html/Lib/bdd/bdd.php on line 22
[10-Mar-2017 11:12:03 Europe/Paris] PHP Fatal error:  Using $this when not in object context in /home/UNIV-LYON1/p1501778/public_html/Lib/bdd/bdd.php on line 22
[10-Mar-2017 11:12:03 Europe/Paris] PHP Fatal error:  Using $this when not in object context in /home/UNIV-LYON1/p1501778/public_html/Lib/bdd/bdd.php on line 22
[10-Mar-2017 11:12:03 Europe/Paris] PHP Fatal error:  Using $this when not in object context in /home/UNIV-LYON1/p1501778/public_html/Lib/bdd/bdd.php on line 22
[10-Mar-2017 11:12:04 Europe/Paris] PHP Fatal error:  Using $this when not in object context in /home/UNIV-LYON1/p1501778/public_html/Lib/bdd/bdd.php on line 22
[10-Mar-2017 11:12:05 Europe/Paris] PHP Fatal error:  Using $this when not in object context in /home/UNIV-LYON1/p1501778/public_html/Lib/bdd/bdd.php on line 22
[10-Mar-2017 11:12:05 Europe/Paris] PHP Fatal error:  Using $this when not in object context in /home/UNIV-LYON1/p1501778/public_html/Lib/bdd/bdd.php on line 22
[10-Mar-2017 11:12:05 Europe/Paris] PHP Fatal error:  Using $this when not in object context in /home/UNIV-LYON1/p1501778/public_html/Lib/bdd/bdd.php on line 22
[10-Mar-2017 11:12:05 Europe/Paris] PHP Fatal error:  Using $this when not in object context in /home/UNIV-LYON1/p1501778/public_html/Lib/bdd/bdd.php on line 22
[10-Mar-2017 11:12:05 Europe/Paris] PHP Fatal error:  Using $this when not in object context in /home/UNIV-LYON1/p1501778/public_html/Lib/bdd/bdd.php on line 22
[10-Mar-2017 11:12:05 Europe/Paris] PHP Fatal error:  Using $this when not in object context in /home/UNIV-LYON1/p1501778/public_html/Lib/bdd/bdd.php on line 22
[10-Mar-2017 11:12:05 Europe/Paris] PHP Fatal error:  Using $this when not in object context in /home/UNIV-LYON1/p1501778/public_html/Lib/bdd/bdd.php on line 22
[10-Mar-2017 11:12:05 Europe/Paris] PHP Fatal error:  Using $this when not in object context in /home/UNIV-LYON1/p1501778/public_html/Lib/bdd/bdd.php on line 22
[10-Mar-2017 11:12:05 Europe/Paris] PHP Fatal error:  Using $this when not in object context in /home/UNIV-LYON1/p1501778/public_html/Lib/bdd/bdd.php on line 22
[10-Mar-2017 11:12:05 Europe/Paris] PHP Fatal error:  Using $this when not in object context in /home/UNIV-LYON1/p1501778/public_html/Lib/bdd/bdd.php on line 22
[10-Mar-2017 11:12:05 Europe/Paris] PHP Fatal error:  Using $this when not in object context in /home/UNIV-LYON1/p1501778/public_html/Lib/bdd/bdd.php on line 22
[10-Mar-2017 11:12:05 Europe/Paris] PHP Fatal error:  Using $this when not in object context in /home/UNIV-LYON1/p1501778/public_html/Lib/bdd/bdd.php on line 22
[10-Mar-2017 11:12:05 Europe/Paris] PHP Fatal error:  Using $this when not in object context in /home/UNIV-LYON1/p1501778/public_html/Lib/bdd/bdd.php on line 22
[10-Mar-2017 11:12:05 Europe/Paris] PHP Fatal error:  Using $this when not in object context in /home/UNIV-LYON1/p1501778/public_html/Lib/bdd/bdd.php on line 22
[10-Mar-2017 11:12:06 Europe/Paris] PHP Fatal error:  Using $this when not in object context in /home/UNIV-LYON1/p1501778/public_html/Lib/bdd/bdd.php on line 22
[10-Mar-2017 11:12:06 Europe/Paris] PHP Fatal error:  Using $this when not in object context in /home/UNIV-LYON1/p1501778/public_html/Lib/bdd/bdd.php on line 22
[10-Mar-2017 11:12:06 Europe/Paris] PHP Fatal error:  Using $this when not in object context in /home/UNIV-LYON1/p1501778/public_html/Lib/bdd/bdd.php on line 22
[10-Mar-2017 11:12:06 Europe/Paris] PHP Fatal error:  Using $this when not in object context in /home/UNIV-LYON1/p1501778/public_html/Lib/bdd/bdd.php on line 22
[10-Mar-2017 11:12:06 Europe/Paris] PHP Fatal error:  Using $this when not in object context in /home/UNIV-LYON1/p1501778/public_html/Lib/bdd/bdd.php on line 22
[10-Mar-2017 11:12:06 Europe/Paris] PHP Fatal error:  Using $this when not in object context in /home/UNIV-LYON1/p1501778/public_html/Lib/bdd/bdd.php on line 22
[10-Mar-2017 11:12:06 Europe/Paris] PHP Fatal error:  Using $this when not in object context in /home/UNIV-LYON1/p1501778/public_html/Lib/bdd/bdd.php on line 22
[10-Mar-2017 11:12:06 Europe/Paris] PHP Fatal error:  Using $this when not in object context in /home/UNIV-LYON1/p1501778/public_html/Lib/bdd/bdd.php on line 22
[10-Mar-2017 11:12:06 Europe/Paris] PHP Fatal error:  Using $this when not in object context in /home/UNIV-LYON1/p1501778/public_html/Lib/bdd/bdd.php on line 22
[10-Mar-2017 11:12:06 Europe/Paris] PHP Fatal error:  Using $this when not in object context in /home/UNIV-LYON1/p1501778/public_html/Lib/bdd/bdd.php on line 22
[10-Mar-2017 11:12:06 Europe/Paris] PHP Fatal error:  Using $this when not in object context in /home/UNIV-LYON1/p1501778/public_html/Lib/bdd/bdd.php on line 22
[10-Mar-2017 11:12:06 Europe/Paris] PHP Fatal error:  Using $this when not in object context in /home/UNIV-LYON1/p1501778/public_html/Lib/bdd/bdd.php on line 22
[10-Mar-2017 11:12:06 Europe/Paris] PHP Fatal error:  Using $this when not in object context in /home/UNIV-LYON1/p1501778/public_html/Lib/bdd/bdd.php on line 22
[10-Mar-2017 11:12:06 Europe/Paris] PHP Fatal error:  Using $this when not in object context in /home/UNIV-LYON1/p1501778/public_html/Lib/bdd/bdd.php on line 22
[10-Mar-2017 11:12:07 Europe/Paris] PHP Fatal error:  Using $this when not in object context in /home/UNIV-LYON1/p1501778/public_html/Lib/bdd/bdd.php on line 22
[10-Mar-2017 11:12:07 Europe/Paris] PHP Fatal error:  Using $this when not in object context in /home/UNIV-LYON1/p1501778/public_html/Lib/bdd/bdd.php on line 22
[10-Mar-2017 11:12:07 Europe/Paris] PHP Fatal error:  Using $this when not in object context in /home/UNIV-LYON1/p1501778/public_html/Lib/bdd/bdd.php on line 22
[10-Mar-2017 11:12:07 Europe/Paris] PHP Fatal error:  Using $this when not in object context in /home/UNIV-LYON1/p1501778/public_html/Lib/bdd/bdd.php on line 22
[10-Mar-2017 11:12:07 Europe/Paris] PHP Fatal error:  Using $this when not in object context in /home/UNIV-LYON1/p1501778/public_html/Lib/bdd/bdd.php on line 22
[10-Mar-2017 11:12:07 Europe/Paris] PHP Fatal error:  Using $this when not in object context in /home/UNIV-LYON1/p1501778/public_html/Lib/bdd/bdd.php on line 22
[10-Mar-2017 11:12:07 Europe/Paris] PHP Fatal error:  Using $this when not in object context in /home/UNIV-LYON1/p1501778/public_html/Lib/bdd/bdd.php on line 22
[10-Mar-2017 11:12:07 Europe/Paris] PHP Fatal error:  Using $this when not in object context in /home/UNIV-LYON1/p1501778/public_html/Lib/bdd/bdd.php on line 22
[10-Mar-2017 11:12:07 Europe/Paris] PHP Fatal error:  Using $this when not in object context in /home/UNIV-LYON1/p1501778/public_html/Lib/bdd/bdd.php on line 22
[10-Mar-2017 11:12:07 Europe/Paris] PHP Fatal error:  Using $this when not in object context in /home/UNIV-LYON1/p1501778/public_html/Lib/bdd/bdd.php on line 22
[10-Mar-2017 11:12:07 Europe/Paris] PHP Fatal error:  Using $this when not in object context in /home/UNIV-LYON1/p1501778/public_html/Lib/bdd/bdd.php on line 22
[10-Mar-2017 11:12:08 Europe/Paris] PHP Fatal error:  Using $this when not in object context in /home/UNIV-LYON1/p1501778/public_html/Lib/bdd/bdd.php on line 22
[10-Mar-2017 11:12:08 Europe/Paris] PHP Fatal error:  Using $this when not in object context in /home/UNIV-LYON1/p1501778/public_html/Lib/bdd/bdd.php on line 22
[10-Mar-2017 11:12:08 Europe/Paris] PHP Fatal error:  Using $this when not in object context in /home/UNIV-LYON1/p1501778/public_html/Lib/bdd/bdd.php on line 22
[10-Mar-2017 11:12:08 Europe/Paris] PHP Fatal error:  Using $this when not in object context in /home/UNIV-LYON1/p1501778/public_html/Lib/bdd/bdd.php on line 22
[10-Mar-2017 11:13:52 Europe/Paris] PHP Fatal error:  Using $this when not in object context in /home/UNIV-LYON1/p1501778/public_html/Lib/bdd/bdd.php on line 22
[10-Mar-2017 11:22:57 Europe/Paris] PHP Fatal error:  Using $this when not in object context in /home/UNIV-LYON1/p1501778/public_html/Lib/bdd/bdd.php on line 22
[10-Mar-2017 11:24:42 Europe/Paris] PHP Parse error:  syntax error, unexpected ',' in /home/UNIV-LYON1/p1501778/public_html/Vue/index.php on line 3
[10-Mar-2017 11:50:03 Europe/Paris] PHP Notice:  Use of undefined constant FOOTER - assumed 'FOOTER' in /home/UNIV-LYON1/p1501778/public_html/Vue/menu.php on line 36
[10-Mar-2017 11:50:03 Europe/Paris] PHP Warning:  include(Vue/FOOTER): failed to open stream: No such file or directory in /home/UNIV-LYON1/p1501778/public_html/Vue/menu.php on line 36
[10-Mar-2017 11:50:03 Europe/Paris] PHP Warning:  include(): Failed opening 'Vue/FOOTER' for inclusion (include_path='.:/usr/share/php:/usr/share/pear') in /home/UNIV-LYON1/p1501778/public_html/Vue/menu.php on line 36
[17-Mar-2017 11:21:26 Europe/Paris] PHP Parse error:  syntax error, unexpected '<' in /home/UNIV-LYON1/p1501778/public_html/Vue/galerie.php on line 44
[17-Mar-2017 11:22:06 Europe/Paris] PHP Notice:  Undefined variable: diapositives in /home/UNIV-LYON1/p1501778/public_html/Vue/galerie.php on line 28
[17-Mar-2017 11:22:06 Europe/Paris] PHP Warning:  Invalid argument supplied for foreach() in /home/UNIV-LYON1/p1501778/public_html/Vue/galerie.php on line 28
[17-Mar-2017 11:30:24 Europe/Paris] PHP Notice:  Undefined variable: diapositives in /home/UNIV-LYON1/p1501778/public_html/Vue/galerie.php on line 28
[17-Mar-2017 11:30:24 Europe/Paris] PHP Warning:  Invalid argument supplied for foreach() in /home/UNIV-LYON1/p1501778/public_html/Vue/galerie.php on line 28
[17-Mar-2017 11:30:25 Europe/Paris] PHP Notice:  Undefined variable: diapositives in /home/UNIV-LYON1/p1501778/public_html/Vue/galerie.php on line 28
[17-Mar-2017 11:30:25 Europe/Paris] PHP Warning:  Invalid argument supplied for foreach() in /home/UNIV-LYON1/p1501778/public_html/Vue/galerie.php on line 28
[17-Mar-2017 11:32:05 Europe/Paris] PHP Notice:  Undefined variable: diapositives in /home/UNIV-LYON1/p1501778/public_html/Vue/galerie.php on line 27
[17-Mar-2017 11:32:05 Europe/Paris] PHP Warning:  Invalid argument supplied for foreach() in /home/UNIV-LYON1/p1501778/public_html/Vue/galerie.php on line 27
[17-Mar-2017 11:32:06 Europe/Paris] PHP Notice:  Undefined variable: diapositives in /home/UNIV-LYON1/p1501778/public_html/Vue/galerie.php on line 27
[17-Mar-2017 11:32:06 Europe/Paris] PHP Warning:  Invalid argument supplied for foreach() in /home/UNIV-LYON1/p1501778/public_html/Vue/galerie.php on line 27
[17-Mar-2017 11:32:07 Europe/Paris] PHP Notice:  Undefined variable: diapositives in /home/UNIV-LYON1/p1501778/public_html/Vue/galerie.php on line 27
[17-Mar-2017 11:32:07 Europe/Paris] PHP Warning:  Invalid argument supplied for foreach() in /home/UNIV-LYON1/p1501778/public_html/Vue/galerie.php on line 27
[17-Mar-2017 11:32:08 Europe/Paris] PHP Notice:  Undefined variable: diapositives in /home/UNIV-LYON1/p1501778/public_html/Vue/galerie.php on line 27
[17-Mar-2017 11:32:08 Europe/Paris] PHP Warning:  Invalid argument supplied for foreach() in /home/UNIV-LYON1/p1501778/public_html/Vue/galerie.php on line 27
[17-Mar-2017 11:32:08 Europe/Paris] PHP Notice:  Undefined variable: diapositives in /home/UNIV-LYON1/p1501778/public_html/Vue/galerie.php on line 27
[17-Mar-2017 11:32:08 Europe/Paris] PHP Warning:  Invalid argument supplied for foreach() in /home/UNIV-LYON1/p1501778/public_html/Vue/galerie.php on line 27
[17-Mar-2017 11:32:08 Europe/Paris] PHP Notice:  Undefined variable: diapositives in /home/UNIV-LYON1/p1501778/public_html/Vue/galerie.php on line 27
[17-Mar-2017 11:32:08 Europe/Paris] PHP Warning:  Invalid argument supplied for foreach() in /home/UNIV-LYON1/p1501778/public_html/Vue/galerie.php on line 27
[17-Mar-2017 11:32:08 Europe/Paris] PHP Notice:  Undefined variable: diapositives in /home/UNIV-LYON1/p1501778/public_html/Vue/galerie.php on line 27
[17-Mar-2017 11:32:08 Europe/Paris] PHP Warning:  Invalid argument supplied for foreach() in /home/UNIV-LYON1/p1501778/public_html/Vue/galerie.php on line 27
[17-Mar-2017 11:33:38 Europe/Paris] PHP Notice:  Undefined variable: diapositives in /home/UNIV-LYON1/p1501778/public_html/Vue/galerie.php on line 28
[17-Mar-2017 11:33:38 Europe/Paris] PHP Warning:  Invalid argument supplied for foreach() in /home/UNIV-LYON1/p1501778/public_html/Vue/galerie.php on line 28
[17-Mar-2017 11:33:39 Europe/Paris] PHP Notice:  Undefined variable: diapositives in /home/UNIV-LYON1/p1501778/public_html/Vue/galerie.php on line 28
[17-Mar-2017 11:33:39 Europe/Paris] PHP Warning:  Invalid argument supplied for foreach() in /home/UNIV-LYON1/p1501778/public_html/Vue/galerie.php on line 28
[17-Mar-2017 11:33:40 Europe/Paris] PHP Notice:  Undefined variable: diapositives in /home/UNIV-LYON1/p1501778/public_html/Vue/galerie.php on line 28
[17-Mar-2017 11:33:40 Europe/Paris] PHP Warning:  Invalid argument supplied for foreach() in /home/UNIV-LYON1/p1501778/public_html/Vue/galerie.php on line 28
[17-Mar-2017 11:33:40 Europe/Paris] PHP Notice:  Undefined variable: diapositives in /home/UNIV-LYON1/p1501778/public_html/Vue/galerie.php on line 28
[17-Mar-2017 11:33:40 Europe/Paris] PHP Warning:  Invalid argument supplied for foreach() in /home/UNIV-LYON1/p1501778/public_html/Vue/galerie.php on line 28
[17-Mar-2017 11:33:42 Europe/Paris] PHP Notice:  Undefined variable: diapositives in /home/UNIV-LYON1/p1501778/public_html/Vue/galerie.php on line 28
[17-Mar-2017 11:33:42 Europe/Paris] PHP Warning:  Invalid argument supplied for foreach() in /home/UNIV-LYON1/p1501778/public_html/Vue/galerie.php on line 28
[17-Mar-2017 11:33:43 Europe/Paris] PHP Notice:  Undefined variable: diapositives in /home/UNIV-LYON1/p1501778/public_html/Vue/galerie.php on line 28
[17-Mar-2017 11:33:43 Europe/Paris] PHP Warning:  Invalid argument supplied for foreach() in /home/UNIV-LYON1/p1501778/public_html/Vue/galerie.php on line 28
[17-Mar-2017 11:33:44 Europe/Paris] PHP Notice:  Undefined variable: diapositives in /home/UNIV-LYON1/p1501778/public_html/Vue/galerie.php on line 28
[17-Mar-2017 11:33:44 Europe/Paris] PHP Warning:  Invalid argument supplied for foreach() in /home/UNIV-LYON1/p1501778/public_html/Vue/galerie.php on line 28
[17-Mar-2017 11:33:44 Europe/Paris] PHP Notice:  Undefined variable: diapositives in /home/UNIV-LYON1/p1501778/public_html/Vue/galerie.php on line 28
[17-Mar-2017 11:33:44 Europe/Paris] PHP Warning:  Invalid argument supplied for foreach() in /home/UNIV-LYON1/p1501778/public_html/Vue/galerie.php on line 28
[17-Mar-2017 11:33:44 Europe/Paris] PHP Notice:  Undefined variable: diapositives in /home/UNIV-LYON1/p1501778/public_html/Vue/galerie.php on line 28
[17-Mar-2017 11:33:44 Europe/Paris] PHP Warning:  Invalid argument supplied for foreach() in /home/UNIV-LYON1/p1501778/public_html/Vue/galerie.php on line 28
[17-Mar-2017 11:33:44 Europe/Paris] PHP Notice:  Undefined variable: diapositives in /home/UNIV-LYON1/p1501778/public_html/Vue/galerie.php on line 28
[17-Mar-2017 11:33:45 Europe/Paris] PHP Warning:  Invalid argument supplied for foreach() in /home/UNIV-LYON1/p1501778/public_html/Vue/galerie.php on line 28
[17-Mar-2017 11:33:45 Europe/Paris] PHP Notice:  Undefined variable: diapositives in /home/UNIV-LYON1/p1501778/public_html/Vue/galerie.php on line 28
[17-Mar-2017 11:33:45 Europe/Paris] PHP Warning:  Invalid argument supplied for foreach() in /home/UNIV-LYON1/p1501778/public_html/Vue/galerie.php on line 28
[17-Mar-2017 11:33:45 Europe/Paris] PHP Notice:  Undefined variable: diapositives in /home/UNIV-LYON1/p1501778/public_html/Vue/galerie.php on line 28
[17-Mar-2017 11:33:45 Europe/Paris] PHP Warning:  Invalid argument supplied for foreach() in /home/UNIV-LYON1/p1501778/public_html/Vue/galerie.php on line 28
[17-Mar-2017 11:33:45 Europe/Paris] PHP Notice:  Undefined variable: diapositives in /home/UNIV-LYON1/p1501778/public_html/Vue/galerie.php on line 28
[17-Mar-2017 11:33:45 Europe/Paris] PHP Warning:  Invalid argument supplied for foreach() in /home/UNIV-LYON1/p1501778/public_html/Vue/galerie.php on line 28
[17-Mar-2017 11:33:46 Europe/Paris] PHP Notice:  Undefined variable: diapositives in /home/UNIV-LYON1/p1501778/public_html/Vue/galerie.php on line 28
[17-Mar-2017 11:33:46 Europe/Paris] PHP Warning:  Invalid argument supplied for foreach() in /home/UNIV-LYON1/p1501778/public_html/Vue/galerie.php on line 28
[17-Mar-2017 11:33:46 Europe/Paris] PHP Notice:  Undefined variable: diapositives in /home/UNIV-LYON1/p1501778/public_html/Vue/galerie.php on line 28
[17-Mar-2017 11:33:46 Europe/Paris] PHP Warning:  Invalid argument supplied for foreach() in /home/UNIV-LYON1/p1501778/public_html/Vue/galerie.php on line 28
[17-Mar-2017 11:33:47 Europe/Paris] PHP Notice:  Undefined variable: diapositives in /home/UNIV-LYON1/p1501778/public_html/Vue/galerie.php on line 28
[17-Mar-2017 11:33:47 Europe/Paris] PHP Warning:  Invalid argument supplied for foreach() in /home/UNIV-LYON1/p1501778/public_html/Vue/galerie.php on line 28
[17-Mar-2017 11:33:47 Europe/Paris] PHP Notice:  Undefined variable: diapositives in /home/UNIV-LYON1/p1501778/public_html/Vue/galerie.php on line 28
[17-Mar-2017 11:33:47 Europe/Paris] PHP Warning:  Invalid argument supplied for foreach() in /home/UNIV-LYON1/p1501778/public_html/Vue/galerie.php on line 28
[17-Mar-2017 11:33:47 Europe/Paris] PHP Notice:  Undefined variable: diapositives in /home/UNIV-LYON1/p1501778/public_html/Vue/galerie.php on line 28
[17-Mar-2017 11:33:47 Europe/Paris] PHP Warning:  Invalid argument supplied for foreach() in /home/UNIV-LYON1/p1501778/public_html/Vue/galerie.php on line 28
[17-Mar-2017 11:33:47 Europe/Paris] PHP Notice:  Undefined variable: diapositives in /home/UNIV-LYON1/p1501778/public_html/Vue/galerie.php on line 28
[17-Mar-2017 11:33:47 Europe/Paris] PHP Warning:  Invalid argument supplied for foreach() in /home/UNIV-LYON1/p1501778/public_html/Vue/galerie.php on line 28
[17-Mar-2017 11:33:47 Europe/Paris] PHP Notice:  Undefined variable: diapositives in /home/UNIV-LYON1/p1501778/public_html/Vue/galerie.php on line 28
[17-Mar-2017 11:33:47 Europe/Paris] PHP Warning:  Invalid argument supplied for foreach() in /home/UNIV-LYON1/p1501778/public_html/Vue/galerie.php on line 28
[17-Mar-2017 11:33:47 Europe/Paris] PHP Notice:  Undefined variable: diapositives in /home/UNIV-LYON1/p1501778/public_html/Vue/galerie.php on line 28
[17-Mar-2017 11:33:47 Europe/Paris] PHP Warning:  Invalid argument supplied for foreach() in /home/UNIV-LYON1/p1501778/public_html/Vue/galerie.php on line 28
[17-Mar-2017 11:33:48 Europe/Paris] PHP Notice:  Undefined variable: diapositives in /home/UNIV-LYON1/p1501778/public_html/Vue/galerie.php on line 28
[17-Mar-2017 11:33:48 Europe/Paris] PHP Warning:  Invalid argument supplied for foreach() in /home/UNIV-LYON1/p1501778/public_html/Vue/galerie.php on line 28
[17-Mar-2017 11:33:48 Europe/Paris] PHP Notice:  Undefined variable: diapositives in /home/UNIV-LYON1/p1501778/public_html/Vue/galerie.php on line 28
[17-Mar-2017 11:33:48 Europe/Paris] PHP Warning:  Invalid argument supplied for foreach() in /home/UNIV-LYON1/p1501778/public_html/Vue/galerie.php on line 28
[17-Mar-2017 11:34:29 Europe/Paris] PHP Notice:  Undefined variable: diapositives in /home/UNIV-LYON1/p1501778/public_html/Vue/galerie.php on line 28
[17-Mar-2017 11:34:29 Europe/Paris] PHP Warning:  Invalid argument supplied for foreach() in /home/UNIV-LYON1/p1501778/public_html/Vue/galerie.php on line 28
[17-Mar-2017 11:34:31 Europe/Paris] PHP Notice:  Undefined variable: diapositives in /home/UNIV-LYON1/p1501778/public_html/Vue/galerie.php on line 28
[17-Mar-2017 11:34:31 Europe/Paris] PHP Warning:  Invalid argument supplied for foreach() in /home/UNIV-LYON1/p1501778/public_html/Vue/galerie.php on line 28
[17-Mar-2017 11:34:32 Europe/Paris] PHP Notice:  Undefined variable: diapositives in /home/UNIV-LYON1/p1501778/public_html/Vue/galerie.php on line 28
[17-Mar-2017 11:34:32 Europe/Paris] PHP Warning:  Invalid argument supplied for foreach() in /home/UNIV-LYON1/p1501778/public_html/Vue/galerie.php on line 28
[17-Mar-2017 11:36:21 Europe/Paris] PHP Notice:  Undefined variable: diapositives in /home/UNIV-LYON1/p1501778/public_html/Vue/galerie.php on line 28
[17-Mar-2017 11:36:21 Europe/Paris] PHP Warning:  Invalid argument supplied for foreach() in /home/UNIV-LYON1/p1501778/public_html/Vue/galerie.php on line 28
[17-Mar-2017 11:36:22 Europe/Paris] PHP Notice:  Undefined variable: diapositives in /home/UNIV-LYON1/p1501778/public_html/Vue/galerie.php on line 28
[17-Mar-2017 11:36:22 Europe/Paris] PHP Warning:  Invalid argument supplied for foreach() in /home/UNIV-LYON1/p1501778/public_html/Vue/galerie.php on line 28
[17-Mar-2017 11:36:22 Europe/Paris] PHP Notice:  Undefined variable: diapositives in /home/UNIV-LYON1/p1501778/public_html/Vue/galerie.php on line 28
[17-Mar-2017 11:36:22 Europe/Paris] PHP Warning:  Invalid argument supplied for foreach() in /home/UNIV-LYON1/p1501778/public_html/Vue/galerie.php on line 28
[17-Mar-2017 11:36:22 Europe/Paris] PHP Notice:  Undefined variable: diapositives in /home/UNIV-LYON1/p1501778/public_html/Vue/galerie.php on line 28
[17-Mar-2017 11:36:22 Europe/Paris] PHP Warning:  Invalid argument supplied for foreach() in /home/UNIV-LYON1/p1501778/public_html/Vue/galerie.php on line 28
[17-Mar-2017 11:36:22 Europe/Paris] PHP Notice:  Undefined variable: diapositives in /home/UNIV-LYON1/p1501778/public_html/Vue/galerie.php on line 28
[17-Mar-2017 11:36:22 Europe/Paris] PHP Warning:  Invalid argument supplied for foreach() in /home/UNIV-LYON1/p1501778/public_html/Vue/galerie.php on line 28
[17-Mar-2017 11:36:23 Europe/Paris] PHP Notice:  Undefined variable: diapositives in /home/UNIV-LYON1/p1501778/public_html/Vue/galerie.php on line 28
[17-Mar-2017 11:36:23 Europe/Paris] PHP Warning:  Invalid argument supplied for foreach() in /home/UNIV-LYON1/p1501778/public_html/Vue/galerie.php on line 28
[17-Mar-2017 11:36:24 Europe/Paris] PHP Notice:  Undefined variable: diapositives in /home/UNIV-LYON1/p1501778/public_html/Vue/galerie.php on line 28
[17-Mar-2017 11:36:24 Europe/Paris] PHP Warning:  Invalid argument supplied for foreach() in /home/UNIV-LYON1/p1501778/public_html/Vue/galerie.php on line 28
[17-Mar-2017 11:36:24 Europe/Paris] PHP Notice:  Undefined variable: diapositives in /home/UNIV-LYON1/p1501778/public_html/Vue/galerie.php on line 28
[17-Mar-2017 11:36:24 Europe/Paris] PHP Warning:  Invalid argument supplied for foreach() in /home/UNIV-LYON1/p1501778/public_html/Vue/galerie.php on line 28
[17-Mar-2017 11:36:24 Europe/Paris] PHP Notice:  Undefined variable: diapositives in /home/UNIV-LYON1/p1501778/public_html/Vue/galerie.php on line 28
[17-Mar-2017 11:36:24 Europe/Paris] PHP Warning:  Invalid argument supplied for foreach() in /home/UNIV-LYON1/p1501778/public_html/Vue/galerie.php on line 28
[17-Mar-2017 11:39:36 Europe/Paris] PHP Notice:  Undefined variable: diapositives in /home/UNIV-LYON1/p1501778/public_html/Vue/galerie.php on line 28
[17-Mar-2017 11:39:36 Europe/Paris] PHP Warning:  Invalid argument supplied for foreach() in /home/UNIV-LYON1/p1501778/public_html/Vue/galerie.php on line 28
[17-Mar-2017 11:39:36 Europe/Paris] PHP Notice:  Undefined variable: diapositives in /home/UNIV-LYON1/p1501778/public_html/Vue/galerie.php on line 28
[17-Mar-2017 11:39:36 Europe/Paris] PHP Warning:  Invalid argument supplied for foreach() in /home/UNIV-LYON1/p1501778/public_html/Vue/galerie.php on line 28
[17-Mar-2017 11:39:37 Europe/Paris] PHP Notice:  Undefined variable: diapositives in /home/UNIV-LYON1/p1501778/public_html/Vue/galerie.php on line 28
[17-Mar-2017 11:39:37 Europe/Paris] PHP Warning:  Invalid argument supplied for foreach() in /home/UNIV-LYON1/p1501778/public_html/Vue/galerie.php on line 28
[17-Mar-2017 11:39:37 Europe/Paris] PHP Notice:  Undefined variable: diapositives in /home/UNIV-LYON1/p1501778/public_html/Vue/galerie.php on line 28
[17-Mar-2017 11:39:37 Europe/Paris] PHP Warning:  Invalid argument supplied for foreach() in /home/UNIV-LYON1/p1501778/public_html/Vue/galerie.php on line 28
[17-Mar-2017 11:39:37 Europe/Paris] PHP Notice:  Undefined variable: diapositives in /home/UNIV-LYON1/p1501778/public_html/Vue/galerie.php on line 28
[17-Mar-2017 11:39:37 Europe/Paris] PHP Warning:  Invalid argument supplied for foreach() in /home/UNIV-LYON1/p1501778/public_html/Vue/galerie.php on line 28
[17-Mar-2017 11:39:38 Europe/Paris] PHP Notice:  Undefined variable: diapositives in /home/UNIV-LYON1/p1501778/public_html/Vue/galerie.php on line 28
[17-Mar-2017 11:39:38 Europe/Paris] PHP Warning:  Invalid argument supplied for foreach() in /home/UNIV-LYON1/p1501778/public_html/Vue/galerie.php on line 28
[17-Mar-2017 11:45:16 Europe/Paris] PHP Notice:  Undefined variable: diapositives in /home/UNIV-LYON1/p1501778/public_html/Vue/galerie.php on line 28
[17-Mar-2017 11:45:16 Europe/Paris] PHP Warning:  Invalid argument supplied for foreach() in /home/UNIV-LYON1/p1501778/public_html/Vue/galerie.php on line 28
[17-Mar-2017 11:45:16 Europe/Paris] PHP Notice:  Undefined variable: diapositives in /home/UNIV-LYON1/p1501778/public_html/Vue/galerie.php on line 28
[17-Mar-2017 11:45:16 Europe/Paris] PHP Warning:  Invalid argument supplied for foreach() in /home/UNIV-LYON1/p1501778/public_html/Vue/galerie.php on line 28
[17-Mar-2017 11:45:17 Europe/Paris] PHP Notice:  Undefined variable: diapositives in /home/UNIV-LYON1/p1501778/public_html/Vue/galerie.php on line 28
[17-Mar-2017 11:45:17 Europe/Paris] PHP Warning:  Invalid argument supplied for foreach() in /home/UNIV-LYON1/p1501778/public_html/Vue/galerie.php on line 28
[17-Mar-2017 11:45:17 Europe/Paris] PHP Notice:  Undefined variable: diapositives in /home/UNIV-LYON1/p1501778/public_html/Vue/galerie.php on line 28
[17-Mar-2017 11:45:17 Europe/Paris] PHP Warning:  Invalid argument supplied for foreach() in /home/UNIV-LYON1/p1501778/public_html/Vue/galerie.php on line 28
[17-Mar-2017 11:45:17 Europe/Paris] PHP Notice:  Undefined variable: diapositives in /home/UNIV-LYON1/p1501778/public_html/Vue/galerie.php on line 28
[17-Mar-2017 11:45:17 Europe/Paris] PHP Warning:  Invalid argument supplied for foreach() in /home/UNIV-LYON1/p1501778/public_html/Vue/galerie.php on line 28
[17-Mar-2017 11:52:08 Europe/Paris] PHP Notice:  Undefined variable: diapositives in /home/UNIV-LYON1/p1501778/public_html/Vue/galerie.php on line 27
[17-Mar-2017 11:52:08 Europe/Paris] PHP Warning:  Invalid argument supplied for foreach() in /home/UNIV-LYON1/p1501778/public_html/Vue/galerie.php on line 27
[17-Mar-2017 11:55:17 Europe/Paris] PHP Notice:  Undefined variable: diapositives in /home/UNIV-LYON1/p1501778/public_html/Vue/galerie.php on line 27
[17-Mar-2017 11:55:17 Europe/Paris] PHP Warning:  Invalid argument supplied for foreach() in /home/UNIV-LYON1/p1501778/public_html/Vue/galerie.php on line 27
[17-Mar-2017 11:56:58 Europe/Paris] PHP Fatal error:  Using $this when not in object context in /home/UNIV-LYON1/p1501778/public_html/Lib/bdd/bdd.php on line 22
[17-Mar-2017 11:58:22 Europe/Paris] PHP Fatal error:  Using $this when not in object context in /home/UNIV-LYON1/p1501778/public_html/Lib/bdd/bdd.php on line 22
[21-Mar-2017 09:14:19 Europe/Paris] PHP Fatal error:  Using $this when not in object context in /home/UNIV-LYON1/p1501778/public_html/Lib/bdd/bdd.php on line 22
[24-Mar-2017 10:13:06 Europe/Paris] PHP Fatal error:  Using $this when not in object context in /home/UNIV-LYON1/p1501778/public_html/Lib/bdd/bdd.php on line 22
[24-Mar-2017 10:21:05 Europe/Paris] PHP Fatal error:  Using $this when not in object context in /home/UNIV-LYON1/p1501778/public_html/Lib/bdd/bdd.php on line 20
[24-Mar-2017 10:21:06 Europe/Paris] PHP Fatal error:  Using $this when not in object context in /home/UNIV-LYON1/p1501778/public_html/Lib/bdd/bdd.php on line 20
[24-Mar-2017 10:21:07 Europe/Paris] PHP Fatal error:  Using $this when not in object context in /home/UNIV-LYON1/p1501778/public_html/Lib/bdd/bdd.php on line 20
[24-Mar-2017 10:22:24 Europe/Paris] PHP Fatal error:  Using $this when not in object context in /home/UNIV-LYON1/p1501778/public_html/Lib/bdd/bdd.php on line 22
[24-Mar-2017 10:25:41 Europe/Paris] PHP Notice:  Undefined variable: bdd in /home/UNIV-LYON1/p1501778/public_html/Lib/bdd/bdd.php on line 8
[24-Mar-2017 10:25:41 Europe/Paris] PHP Fatal error:  Cannot access empty property in /home/UNIV-LYON1/p1501778/public_html/Lib/bdd/bdd.php on line 8
[24-Mar-2017 10:27:00 Europe/Paris] PHP Fatal error:  Using $this when not in object context in /home/UNIV-LYON1/p1501778/public_html/Lib/bdd/bdd.php on line 22
[24-Mar-2017 10:27:01 Europe/Paris] PHP Fatal error:  Using $this when not in object context in /home/UNIV-LYON1/p1501778/public_html/Lib/bdd/bdd.php on line 22
[24-Mar-2017 10:27:02 Europe/Paris] PHP Fatal error:  Using $this when not in object context in /home/UNIV-LYON1/p1501778/public_html/Lib/bdd/bdd.php on line 22
[24-Mar-2017 10:27:02 Europe/Paris] PHP Fatal error:  Using $this when not in object context in /home/UNIV-LYON1/p1501778/public_html/Lib/bdd/bdd.php on line 22
[24-Mar-2017 10:27:02 Europe/Paris] PHP Fatal error:  Using $this when not in object context in /home/UNIV-LYON1/p1501778/public_html/Lib/bdd/bdd.php on line 22
[24-Mar-2017 10:27:02 Europe/Paris] PHP Fatal error:  Using $this when not in object context in /home/UNIV-LYON1/p1501778/public_html/Lib/bdd/bdd.php on line 22
[24-Mar-2017 10:27:03 Europe/Paris] PHP Fatal error:  Using $this when not in object context in /home/UNIV-LYON1/p1501778/public_html/Lib/bdd/bdd.php on line 22
[24-Mar-2017 10:27:03 Europe/Paris] PHP Fatal error:  Using $this when not in object context in /home/UNIV-LYON1/p1501778/public_html/Lib/bdd/bdd.php on line 22
[24-Mar-2017 10:27:03 Europe/Paris] PHP Fatal error:  Using $this when not in object context in /home/UNIV-LYON1/p1501778/public_html/Lib/bdd/bdd.php on line 22
[24-Mar-2017 10:39:18 Europe/Paris] PHP Fatal error:  Using $this when not in object context in /home/UNIV-LYON1/p1501778/public_html/Lib/bdd/bdd.php on line 23
[24-Mar-2017 10:39:19 Europe/Paris] PHP Fatal error:  Using $this when not in object context in /home/UNIV-LYON1/p1501778/public_html/Lib/bdd/bdd.php on line 23
[24-Mar-2017 10:41:11 Europe/Paris] PHP Fatal error:  Using $this when not in object context in /home/UNIV-LYON1/p1501778/public_html/Lib/bdd/bdd.php on line 23
[24-Mar-2017 10:48:19 Europe/Paris] PHP Fatal error:  Using $this when not in object context in /home/UNIV-LYON1/p1501778/public_html/Lib/bdd/bdd.php on line 23
[24-Mar-2017 10:49:27 Europe/Paris] PHP Notice:  Undefined property: bdd::$_donnees in /home/UNIV-LYON1/p1501778/public_html/Model/diaporama.php on line 11
[24-Mar-2017 10:49:27 Europe/Paris] PHP Warning:  Invalid argument supplied for foreach() in /home/UNIV-LYON1/p1501778/public_html/Vue/galerie.php on line 27
[24-Mar-2017 10:50:12 Europe/Paris] PHP Fatal error:  Using $this when not in object context in /home/UNIV-LYON1/p1501778/public_html/Lib/bdd/bdd.php on line 23
[24-Mar-2017 10:51:06 Europe/Paris] PHP Fatal error:  Using $this when not in object context in /home/UNIV-LYON1/p1501778/public_html/Lib/bdd/bdd.php on line 23
[24-Mar-2017 10:51:08 Europe/Paris] PHP Fatal error:  Using $this when not in object context in /home/UNIV-LYON1/p1501778/public_html/Lib/bdd/bdd.php on line 23
[24-Mar-2017 10:51:09 Europe/Paris] PHP Fatal error:  Using $this when not in object context in /home/UNIV-LYON1/p1501778/public_html/Lib/bdd/bdd.php on line 23
[24-Mar-2017 10:54:08 Europe/Paris] PHP Fatal error:  Using $this when not in object context in /home/UNIV-LYON1/p1501778/public_html/Lib/bdd/bdd.php on line 23
[24-Mar-2017 10:55:16 Europe/Paris] PHP Fatal error:  Using $this when not in object context in /home/UNIV-LYON1/p1501778/public_html/Lib/bdd/bdd.php on line 23
[24-Mar-2017 10:55:16 Europe/Paris] PHP Fatal error:  Using $this when not in object context in /home/UNIV-LYON1/p1501778/public_html/Lib/bdd/bdd.php on line 23
[24-Mar-2017 10:55:16 Europe/Paris] PHP Fatal error:  Using $this when not in object context in /home/UNIV-LYON1/p1501778/public_html/Lib/bdd/bdd.php on line 23
[24-Mar-2017 10:55:17 Europe/Paris] PHP Fatal error:  Using $this when not in object context in /home/UNIV-LYON1/p1501778/public_html/Lib/bdd/bdd.php on line 23
[24-Mar-2017 10:55:17 Europe/Paris] PHP Fatal error:  Using $this when not in object context in /home/UNIV-LYON1/p1501778/public_html/Lib/bdd/bdd.php on line 23
[24-Mar-2017 10:55:17 Europe/Paris] PHP Fatal error:  Using $this when not in object context in /home/UNIV-LYON1/p1501778/public_html/Lib/bdd/bdd.php on line 23
[24-Mar-2017 10:55:17 Europe/Paris] PHP Fatal error:  Using $this when not in object context in /home/UNIV-LYON1/p1501778/public_html/Lib/bdd/bdd.php on line 23
[24-Mar-2017 10:55:17 Europe/Paris] PHP Fatal error:  Using $this when not in object context in /home/UNIV-LYON1/p1501778/public_html/Lib/bdd/bdd.php on line 23
[24-Mar-2017 10:55:32 Europe/Paris] PHP Notice:  Undefined property: bdd::$_donnees in /home/UNIV-LYON1/p1501778/public_html/Model/diaporama.php on line 11
[24-Mar-2017 10:55:32 Europe/Paris] PHP Warning:  Invalid argument supplied for foreach() in /home/UNIV-LYON1/p1501778/public_html/Vue/galerie.php on line 27
[24-Mar-2017 10:55:32 Europe/Paris] PHP Notice:  Undefined property: bdd::$_donnees in /home/UNIV-LYON1/p1501778/public_html/Model/diaporama.php on line 11
[24-Mar-2017 10:55:32 Europe/Paris] PHP Warning:  Invalid argument supplied for foreach() in /home/UNIV-LYON1/p1501778/public_html/Vue/galerie.php on line 27
[24-Mar-2017 11:01:24 Europe/Paris] PHP Notice:  Undefined property: bdd::$_donnees in /home/UNIV-LYON1/p1501778/public_html/Model/diaporama.php on line 11
[24-Mar-2017 11:01:24 Europe/Paris] PHP Warning:  Invalid argument supplied for foreach() in /home/UNIV-LYON1/p1501778/public_html/Vue/galerie.php on line 27
[24-Mar-2017 11:01:25 Europe/Paris] PHP Notice:  Undefined property: bdd::$_donnees in /home/UNIV-LYON1/p1501778/public_html/Model/diaporama.php on line 11
[24-Mar-2017 11:01:25 Europe/Paris] PHP Warning:  Invalid argument supplied for foreach() in /home/UNIV-LYON1/p1501778/public_html/Vue/galerie.php on line 27
[24-Mar-2017 11:01:25 Europe/Paris] PHP Notice:  Undefined property: bdd::$_donnees in /home/UNIV-LYON1/p1501778/public_html/Model/diaporama.php on line 11
[24-Mar-2017 11:01:25 Europe/Paris] PHP Warning:  Invalid argument supplied for foreach() in /home/UNIV-LYON1/p1501778/public_html/Vue/galerie.php on line 27
[24-Mar-2017 11:01:51 Europe/Paris] PHP Fatal error:  Using $this when not in object context in /home/UNIV-LYON1/p1501778/public_html/Lib/bdd/bdd.php on line 23
[24-Mar-2017 11:18:00 Europe/Paris] PHP Notice:  Undefined variable: MYSQL_bdname in /home/UNIV-LYON1/p1501778/public_html/Model/diaporama.php on line 5
[24-Mar-2017 11:23:40 Europe/Paris] PHP Notice:  Undefined variable: MYSQL_bdname in /home/UNIV-LYON1/p1501778/public_html/Model/diaporama.php on line 5
[24-Mar-2017 11:24:02 Europe/Paris] PHP Notice:  Undefined variable: MYSQL_bdname in /home/UNIV-LYON1/p1501778/public_html/Model/diaporama.php on line 5
[24-Mar-2017 11:24:04 Europe/Paris] PHP Notice:  Undefined variable: MYSQL_bdname in /home/UNIV-LYON1/p1501778/public_html/Model/diaporama.php on line 5
[24-Mar-2017 11:24:04 Europe/Paris] PHP Notice:  Undefined variable: MYSQL_bdname in /home/UNIV-LYON1/p1501778/public_html/Model/diaporama.php on line 5
[24-Mar-2017 11:24:04 Europe/Paris] PHP Notice:  Undefined variable: MYSQL_bdname in /home/UNIV-LYON1/p1501778/public_html/Model/diaporama.php on line 5
[24-Mar-2017 11:24:05 Europe/Paris] PHP Notice:  Undefined variable: MYSQL_bdname in /home/UNIV-LYON1/p1501778/public_html/Model/diaporama.php on line 5
[24-Mar-2017 11:24:05 Europe/Paris] PHP Notice:  Undefined variable: MYSQL_bdname in /home/UNIV-LYON1/p1501778/public_html/Model/diaporama.php on line 5
[24-Mar-2017 11:24:06 Europe/Paris] PHP Notice:  Undefined variable: MYSQL_bdname in /home/UNIV-LYON1/p1501778/public_html/Model/diaporama.php on line 5
[24-Mar-2017 11:24:06 Europe/Paris] PHP Notice:  Undefined variable: MYSQL_bdname in /home/UNIV-LYON1/p1501778/public_html/Model/diaporama.php on line 5
[24-Mar-2017 11:24:06 Europe/Paris] PHP Notice:  Undefined variable: MYSQL_bdname in /home/UNIV-LYON1/p1501778/public_html/Model/diaporama.php on line 5
[24-Mar-2017 11:24:06 Europe/Paris] PHP Notice:  Undefined variable: MYSQL_bdname in /home/UNIV-LYON1/p1501778/public_html/Model/diaporama.php on line 5
[24-Mar-2017 11:24:07 Europe/Paris] PHP Notice:  Undefined variable: MYSQL_bdname in /home/UNIV-LYON1/p1501778/public_html/Model/diaporama.php on line 5
[24-Mar-2017 11:24:07 Europe/Paris] PHP Notice:  Undefined variable: MYSQL_bdname in /home/UNIV-LYON1/p1501778/public_html/Model/diaporama.php on line 5
[24-Mar-2017 11:24:07 Europe/Paris] PHP Notice:  Undefined variable: MYSQL_bdname in /home/UNIV-LYON1/p1501778/public_html/Model/diaporama.php on line 5
[24-Mar-2017 11:24:08 Europe/Paris] PHP Notice:  Undefined variable: MYSQL_bdname in /home/UNIV-LYON1/p1501778/public_html/Model/diaporama.php on line 5
[24-Mar-2017 11:24:08 Europe/Paris] PHP Notice:  Undefined variable: MYSQL_bdname in /home/UNIV-LYON1/p1501778/public_html/Model/diaporama.php on line 5
[24-Mar-2017 11:24:09 Europe/Paris] PHP Notice:  Undefined variable: MYSQL_bdname in /home/UNIV-LYON1/p1501778/public_html/Model/diaporama.php on line 5
[24-Mar-2017 11:24:09 Europe/Paris] PHP Notice:  Undefined variable: MYSQL_bdname in /home/UNIV-LYON1/p1501778/public_html/Model/diaporama.php on line 5
[24-Mar-2017 11:24:10 Europe/Paris] PHP Notice:  Undefined variable: MYSQL_bdname in /home/UNIV-LYON1/p1501778/public_html/Model/diaporama.php on line 5
[24-Mar-2017 11:24:10 Europe/Paris] PHP Notice:  Undefined variable: MYSQL_bdname in /home/UNIV-LYON1/p1501778/public_html/Model/diaporama.php on line 5
[24-Mar-2017 11:24:10 Europe/Paris] PHP Notice:  Undefined variable: MYSQL_bdname in /home/UNIV-LYON1/p1501778/public_html/Model/diaporama.php on line 5
[24-Mar-2017 12:07:43 Europe/Paris] PHP Notice:  Undefined index: titre in /home/UNIV-LYON1/p1501778/public_html/Vue/galerie.php on line 39
[24-Mar-2017 12:07:43 Europe/Paris] PHP Notice:  Undefined index: description in /home/UNIV-LYON1/p1501778/public_html/Vue/galerie.php on line 40
[24-Mar-2017 12:07:43 Europe/Paris] PHP Notice:  Undefined index: titre in /home/UNIV-LYON1/p1501778/public_html/Vue/galerie.php on line 39
[24-Mar-2017 12:07:43 Europe/Paris] PHP Notice:  Undefined index: description in /home/UNIV-LYON1/p1501778/public_html/Vue/galerie.php on line 40
[24-Mar-2017 12:07:43 Europe/Paris] PHP Notice:  Undefined index: titre in /home/UNIV-LYON1/p1501778/public_html/Vue/galerie.php on line 39
[24-Mar-2017 12:07:43 Europe/Paris] PHP Notice:  Undefined index: description in /home/UNIV-LYON1/p1501778/public_html/Vue/galerie.php on line 40
[24-Mar-2017 12:08:25 Europe/Paris] PHP Notice:  Undefined index: titre in /home/UNIV-LYON1/p1501778/public_html/Vue/galerie.php on line 39
[24-Mar-2017 12:08:25 Europe/Paris] PHP Notice:  Undefined index: description in /home/UNIV-LYON1/p1501778/public_html/Vue/galerie.php on line 40
[24-Mar-2017 12:08:25 Europe/Paris] PHP Notice:  Undefined index: titre in /home/UNIV-LYON1/p1501778/public_html/Vue/galerie.php on line 39
[24-Mar-2017 12:08:25 Europe/Paris] PHP Notice:  Undefined index: description in /home/UNIV-LYON1/p1501778/public_html/Vue/galerie.php on line 40
[24-Mar-2017 12:08:25 Europe/Paris] PHP Notice:  Undefined index: titre in /home/UNIV-LYON1/p1501778/public_html/Vue/galerie.php on line 39
[24-Mar-2017 12:08:25 Europe/Paris] PHP Notice:  Undefined index: description in /home/UNIV-LYON1/p1501778/public_html/Vue/galerie.php on line 40
[24-Mar-2017 12:21:48 Europe/Paris] PHP Notice:  Undefined index: titre in /home/UNIV-LYON1/p1501778/public_html/Vue/galerie.php on line 39
[24-Mar-2017 12:21:48 Europe/Paris] PHP Notice:  Undefined index: description in /home/UNIV-LYON1/p1501778/public_html/Vue/galerie.php on line 40
[24-Mar-2017 12:21:48 Europe/Paris] PHP Notice:  Undefined index: titre in /home/UNIV-LYON1/p1501778/public_html/Vue/galerie.php on line 39
[24-Mar-2017 12:21:48 Europe/Paris] PHP Notice:  Undefined index: description in /home/UNIV-LYON1/p1501778/public_html/Vue/galerie.php on line 40
[24-Mar-2017 12:21:48 Europe/Paris] PHP Notice:  Undefined index: titre in /home/UNIV-LYON1/p1501778/public_html/Vue/galerie.php on line 39
[24-Mar-2017 12:21:48 Europe/Paris] PHP Notice:  Undefined index: description in /home/UNIV-LYON1/p1501778/public_html/Vue/galerie.php on line 40
[24-Mar-2017 12:21:51 Europe/Paris] PHP Notice:  Undefined index: titre in /home/UNIV-LYON1/p1501778/public_html/Vue/galerie.php on line 39
[24-Mar-2017 12:21:51 Europe/Paris] PHP Notice:  Undefined index: description in /home/UNIV-LYON1/p1501778/public_html/Vue/galerie.php on line 40
[24-Mar-2017 12:21:51 Europe/Paris] PHP Notice:  Undefined index: titre in /home/UNIV-LYON1/p1501778/public_html/Vue/galerie.php on line 39
[24-Mar-2017 12:21:51 Europe/Paris] PHP Notice:  Undefined index: description in /home/UNIV-LYON1/p1501778/public_html/Vue/galerie.php on line 40
[24-Mar-2017 12:21:51 Europe/Paris] PHP Notice:  Undefined index: titre in /home/UNIV-LYON1/p1501778/public_html/Vue/galerie.php on line 39
[24-Mar-2017 12:21:51 Europe/Paris] PHP Notice:  Undefined index: description in /home/UNIV-LYON1/p1501778/public_html/Vue/galerie.php on line 40
[24-Mar-2017 12:21:58 Europe/Paris] PHP Notice:  Undefined index: titre in /home/UNIV-LYON1/p1501778/public_html/Vue/galerie.php on line 39
[24-Mar-2017 12:21:58 Europe/Paris] PHP Notice:  Undefined index: description in /home/UNIV-LYON1/p1501778/public_html/Vue/galerie.php on line 40
[24-Mar-2017 12:21:58 Europe/Paris] PHP Notice:  Undefined index: titre in /home/UNIV-LYON1/p1501778/public_html/Vue/galerie.php on line 39
[24-Mar-2017 12:21:58 Europe/Paris] PHP Notice:  Undefined index: description in /home/UNIV-LYON1/p1501778/public_html/Vue/galerie.php on line 40
[24-Mar-2017 12:21:58 Europe/Paris] PHP Notice:  Undefined index: titre in /home/UNIV-LYON1/p1501778/public_html/Vue/galerie.php on line 39
[24-Mar-2017 12:21:58 Europe/Paris] PHP Notice:  Undefined index: description in /home/UNIV-LYON1/p1501778/public_html/Vue/galerie.php on line 40
